<?xml version="1.0" encoding="UTF-8"?>
<testng-results ignored="0" total="1" passed="1" failed="0" skipped="0">
  <reporter-output>
  </reporter-output>
  <suite started-at="2020-09-09T12:25:58 IST" name="Surefire suite" finished-at="2020-09-09T12:25:59 IST" duration-ms="373">
    <groups>
    </groups>
    <test started-at="2020-09-09T12:25:58 IST" name="Surefire test" finished-at="2020-09-09T12:25:59 IST" duration-ms="373">
      <class name="Facebook.AppTest">
        <test-method signature="shouldAnswerWithTrue()" started-at="2020-09-09T12:25:59 IST" name="shouldAnswerWithTrue" finished-at="2020-09-09T12:25:59 IST" duration-ms="76" status="PASS">
          <reporter-output>
          </reporter-output>
        </test-method> <!-- shouldAnswerWithTrue -->
      </class> <!-- Facebook.AppTest -->
    </test> <!-- Surefire test -->
  </suite> <!-- Surefire suite -->
</testng-results>
