<?xml version="1.0" encoding="UTF-8"?>
<!-- Generated by org.testng.reporters.JUnitXMLReporter -->
<testsuite ignored="0" hostname="Vikas" failures="0" tests="3" name="Test" time="19.3" errors="0" timestamp="2020-09-09T13:46:58 IST">
  <testcase classname="Facebook.LoginPage" name="HomePage" time="19.156"/>
  <testcase classname="Facebook.LoginPageTest" name="ClickOnLogin" time="0.002"/>
  <testcase classname="Facebook.LoginPageTest" name="EnterDetails" time="0.003"/>
</testsuite> <!-- Test -->
