<?xml version="1.0" encoding="UTF-8"?>
<testsuite xmlns:xsi="http://www.w3.org/2001/XMLSchema-instance" xsi:noNamespaceSchemaLocation="https://maven.apache.org/surefire/maven-surefire-plugin/xsd/surefire-test-report-3.0.xsd" version="3.0" name="TestSuite" time="1.995" tests="3" errors="0" skipped="0" failures="0">
  <properties>
[...]
</properties>
  <testcase name="ClickOnLogin" classname="Facebook.LoginPageTest" time="0.012">
    <system-out><![CDATA[Looged in facebook.
]]></system-out>
  </testcase>
  <testcase name="EnterDetails" classname="Facebook.LoginPageTest" time="0.002">
    <system-out><![CDATA[Welcome to facebook
]]></system-out>
  </testcase>
  <testcase name="shouldAnswerWithTrue on shouldAnswerWithTrue(Facebook.AppTest)" classname="Facebook.AppTest" time="0.003"/>
</testsuite>